<?xml version="1.0" encoding="UTF-8"?>
<!-- Generated by org.testng.reporters.JUnitReportReporter -->
<testsuite hostname="Dell-5000-i7" name="com.pack.common.tests.BasePageTest" tests="1" failures="0" timestamp="13 Jul 2015 12:58:26 GMT" time="0.027" errors="0">
  <testcase name="verifyHomePage" time="0.027" classname="com.pack.common.tests.BasePageTest"/>
</testsuite>
